<?xml version="1.0" encoding="UTF-8"?>
<!-- Generated by org.testng.reporters.JUnitReportReporter -->
<testsuite hostname="DESKTOP-H0PI4DT" failures="0" tests="1" name="logExample.NOPCommApp" time="13.150" errors="0" timestamp="2023-04-11T15:09:05 IST" skipped="0">
  <testcase classname="logExample.NOPCommApp" name="verifyLoginTest" time="13.150"/>
  <system-out/>
</testsuite> <!-- logExample.NOPCommApp -->
