<?xml version="1.0" encoding="UTF-8"?>
<!-- Generated by org.testng.reporters.JUnitReportReporter -->
<testsuite hostname="DESKTOP-H0PI4DT" failures="0" tests="1" name="pdfExample.ReadDataFromPDF2" time="0.638" errors="0" timestamp="2023-04-11T16:59:43 IST" skipped="0">
  <testcase classname="pdfExample.ReadDataFromPDF2" name="verifyPDFContent" time="0.638"/>
  <system-out/>
</testsuite> <!-- pdfExample.ReadDataFromPDF2 -->
