<?xml version="1.0" encoding="UTF-8"?>
<!-- Generated by org.testng.reporters.JUnitReportReporter -->
<testsuite hostname="DESKTOP-H0PI4DT" failures="0" tests="1" name="actionExample.DragDropExample" time="6.808" errors="0" timestamp="2023-04-07T16:47:27 IST" skipped="0">
  <testcase classname="actionExample.DragDropExample" name="verifyDoubleClickTest" time="6.808"/>
  <system-out/>
</testsuite> <!-- actionExample.DragDropExample -->
