<?xml version="1.0" encoding="UTF-8"?>
<!-- Generated by org.testng.reporters.JUnitReportReporter -->
<testsuite hostname="DESKTOP-H0PI4DT" failures="0" tests="1" name="actionExample.AmazonExample" time="5.174" errors="0" timestamp="2023-04-07T16:18:50 IST" skipped="0">
  <testcase classname="actionExample.AmazonExample" name="verifyLoginTest" time="5.174"/>
  <system-out/>
</testsuite> <!-- actionExample.AmazonExample -->
