<?xml version="1.0" encoding="UTF-8"?>
<!-- Generated by org.testng.reporters.JUnitReportReporter -->
<testsuite hostname="DESKTOP-H0PI4DT" failures="0" tests="1" name="javascriptExecutorExample.MyntraExample_JS" time="7.069" errors="0" timestamp="2023-04-06T17:41:05 IST" skipped="0">
  <testcase classname="javascriptExecutorExample.MyntraExample_JS" name="testCase1" time="7.069"/>
  <system-out/>
</testsuite> <!-- javascriptExecutorExample.MyntraExample_JS -->
