<?xml version="1.0" encoding="UTF-8"?>
<!-- Generated by org.testng.reporters.JUnitReportReporter -->
<testsuite hostname="DESKTOP-H0PI4DT" failures="0" tests="1" name="dbConnectionExample.MYSQLExample" time="1.159" errors="0" timestamp="2023-04-11T16:38:49 IST" skipped="0">
  <testcase classname="dbConnectionExample.MYSQLExample" name="verifyDBTest" time="1.159"/>
  <system-out/>
</testsuite> <!-- dbConnectionExample.MYSQLExample -->
