<?xml version="1.0" encoding="UTF-8"?>
<!-- Generated by org.testng.reporters.JUnitReportReporter -->
<testsuite hostname="DESKTOP-H0PI4DT" failures="0" tests="1" name="tests.LoginTest" time="12.563" errors="0" timestamp="2023-04-10T17:26:59 IST" skipped="0">
  <testcase classname="tests.LoginTest" name="verifyLogin" time="12.563"/>
  <system-out/>
</testsuite> <!-- tests.LoginTest -->
