<?xml version="1.0" encoding="UTF-8"?>
<!-- Generated by org.testng.reporters.JUnitReportReporter -->
<testsuite hostname="DESKTOP-H0PI4DT" failures="0" tests="1" name="frameExample.PayTM_FrameExample" time="2.892" errors="0" timestamp="2023-04-06T16:59:59 IST" skipped="0">
  <testcase classname="frameExample.PayTM_FrameExample" name="verifyAmazonSearchTest" time="2.892"/>
  <system-out/>
</testsuite> <!-- frameExample.PayTM_FrameExample -->
