<?xml version="1.0" encoding="UTF-8"?>
<!-- Generated by org.testng.reporters.JUnitReportReporter -->
<testsuite hostname="DESKTOP-H0PI4DT" failures="0" tests="2" name="actionExample.RightClickDoubleClickTest" time="6.995" errors="0" timestamp="2023-04-07T16:31:54 IST" skipped="0">
  <testcase classname="actionExample.RightClickDoubleClickTest" name="verifyContextClickTest" time="3.612"/>
  <system-out/>
  <testcase classname="actionExample.RightClickDoubleClickTest" name="verifyDoubleClickTest" time="3.383"/>
  <system-out/>
</testsuite> <!-- actionExample.RightClickDoubleClickTest -->
