<?xml version="1.0" encoding="UTF-8"?>
<!-- Generated by org.testng.reporters.JUnitReportReporter -->
<testsuite hostname="DESKTOP-H0PI4DT" failures="0" tests="1" name="unitTestExample.InputboxExample2" time="0.140" errors="0" timestamp="2023-04-05T16:54:14 IST" skipped="0">
  <testcase classname="unitTestExample.InputboxExample2" name="verifyInputbox" time="0.140"/>
</testsuite> <!-- unitTestExample.InputboxExample2 -->
