<?xml version="1.0" encoding="UTF-8"?>
<!-- Generated by org.testng.reporters.JUnitReportReporter -->
<testsuite hostname="DESKTOP-H0PI4DT" failures="0" tests="1" name="dbConnectionExample.MYSQLExample2" time="1.075" errors="0" timestamp="2023-04-11T16:41:52 IST" skipped="0">
  <testcase classname="dbConnectionExample.MYSQLExample2" name="verifyDBTest" time="1.075"/>
  <system-out/>
</testsuite> <!-- dbConnectionExample.MYSQLExample2 -->
