<?xml version="1.0" encoding="UTF-8"?>
<!-- Generated by org.testng.reporters.JUnitReportReporter -->
<testsuite hostname="DESKTOP-H0PI4DT" failures="0" tests="1" name="javascriptExecutorExample.Alert_PromptExample" time="14.204" errors="0" timestamp="2023-04-06T17:32:32 IST" skipped="0">
  <testcase classname="javascriptExecutorExample.Alert_PromptExample" name="testCase1" time="14.204"/>
  <system-out/>
</testsuite> <!-- javascriptExecutorExample.Alert_PromptExample -->
