<?xml version="1.0" encoding="UTF-8"?>
<!-- Generated by org.testng.reporters.JUnitReportReporter -->
<testsuite hostname="DESKTOP-H0PI4DT" failures="0" tests="1" name="rutoExample.NOPCommApp" time="13.599" errors="0" timestamp="2023-04-07T15:29:01 IST" skipped="0">
  <testcase classname="rutoExample.NOPCommApp" name="verifyLoginTest" time="13.599"/>
  <system-out/>
</testsuite> <!-- rutoExample.NOPCommApp -->
