<?xml version="1.0" encoding="UTF-8"?>
<!-- Generated by org.testng.reporters.JUnitReportReporter -->
<testsuite hostname="DESKTOP-H0PI4DT" failures="0" tests="5" name="testNGAnnotationExample.AmazonTest_Priority" time="0.030" errors="0" timestamp="2023-04-11T15:25:32 IST" skipped="0">
  <testcase classname="testNGAnnotationExample.AmazonTest_Priority" name="login" time="0.017"/>
  <system-out/>
  <testcase classname="testNGAnnotationExample.AmazonTest_Priority" name="addItems" time="0.003"/>
  <system-out/>
  <testcase classname="testNGAnnotationExample.AmazonTest_Priority" name="payment" time="0.004"/>
  <system-out/>
  <testcase classname="testNGAnnotationExample.AmazonTest_Priority" name="cancelOrder" time="0.002"/>
  <system-out/>
  <testcase classname="testNGAnnotationExample.AmazonTest_Priority" name="logout" time="0.004"/>
  <system-out/>
</testsuite> <!-- testNGAnnotationExample.AmazonTest_Priority -->
