<?xml version="1.0" encoding="UTF-8"?>
<!-- Generated by org.testng.reporters.JUnitReportReporter -->
<testsuite hostname="DESKTOP-H0PI4DT" failures="0" tests="1" name="xpathExample.Alert_PromptExample" time="3.145" errors="0" timestamp="2023-04-06T16:02:37 IST" skipped="0">
  <testcase classname="xpathExample.Alert_PromptExample" name="verifyAmazonSearchTest" time="3.145"/>
  <system-out/>
</testsuite> <!-- xpathExample.Alert_PromptExample -->
