<?xml version="1.0" encoding="UTF-8"?>
<!-- Generated by org.testng.reporters.JUnitReportReporter -->
<testsuite hostname="DESKTOP-H0PI4DT" failures="0" tests="1" name="xpathExample.FlipKart" time="0.387" errors="0" timestamp="2023-04-06T16:04:25 IST" skipped="0">
  <testcase classname="xpathExample.FlipKart" name="verifyAmazonSearchTest" time="0.387"/>
  <system-out/>
</testsuite> <!-- xpathExample.FlipKart -->
