<?xml version="1.0" encoding="UTF-8"?>
<!-- Generated by org.testng.reporters.JUnitReportReporter -->
<testsuite hostname="DESKTOP-H0PI4DT" failures="0" tests="1" name="handleWindowExample.PayTM_FrameExample" time="20.968" errors="0" timestamp="2023-04-10T16:27:05 IST" skipped="0">
  <testcase classname="handleWindowExample.PayTM_FrameExample" name="verifyAmazonSearchTest" time="20.968"/>
  <system-out/>
</testsuite> <!-- handleWindowExample.PayTM_FrameExample -->
