<?xml version="1.0" encoding="UTF-8"?>
<!-- Generated by org.testng.reporters.JUnitReportReporter -->
<testsuite hostname="DESKTOP-H0PI4DT" failures="0" tests="1" name="takeScreenshotExample.PayTM_FrameExample" time="10.721" errors="0" timestamp="2023-04-07T15:29:01 IST" skipped="0">
  <testcase classname="takeScreenshotExample.PayTM_FrameExample" name="verifyAmazonSearchTest" time="10.721"/>
  <system-out/>
</testsuite> <!-- takeScreenshotExample.PayTM_FrameExample -->
