<?xml version="1.0" encoding="UTF-8"?>
<!-- Generated by org.testng.reporters.JUnitReportReporter -->
<testsuite hostname="DESKTOP-H0PI4DT" failures="0" tests="3" name="crossBrowserTest.NOPCommApp" time="50.665" errors="0" timestamp="2023-04-07T15:37:04 IST" skipped="0">
  <testcase classname="crossBrowserTest.NOPCommApp" name="verifyLoginTest" time="12.818"/>
  <system-out/>
  <testcase classname="crossBrowserTest.NOPCommApp" name="verifyLoginTest" time="18.190"/>
  <system-out/>
  <testcase classname="crossBrowserTest.NOPCommApp" name="verifyLoginTest" time="19.657"/>
  <system-out/>
</testsuite> <!-- crossBrowserTest.NOPCommApp -->
