<?xml version="1.0" encoding="UTF-8"?>
<!-- Generated by org.testng.reporters.JUnitReportReporter -->
<testsuite hostname="DESKTOP-H0PI4DT" failures="0" tests="1" name="exercise.Alert_PromptExample" time="0.343" errors="0" timestamp="2023-04-06T15:33:12 IST" skipped="0">
  <testcase classname="exercise.Alert_PromptExample" name="testCase1" time="0.343"/>
  <system-out/>
</testsuite> <!-- exercise.Alert_PromptExample -->
