<?xml version="1.0" encoding="UTF-8"?>
<!-- Generated by org.testng.reporters.JUnitReportReporter -->
<testsuite hostname="DESKTOP-H0PI4DT" failures="0" tests="2" name="controlExample.HandleDropdownExample" time="21.302" errors="0" timestamp="2023-04-05T17:42:14 IST" skipped="0">
  <testcase classname="controlExample.HandleDropdownExample" name="verifyCarDropDown" time="4.383"/>
  <testcase classname="controlExample.HandleDropdownExample" name="verifyCountryDropDown" time="16.919"/>
</testsuite> <!-- controlExample.HandleDropdownExample -->
