<?xml version="1.0" encoding="UTF-8"?>
<!-- Generated by org.testng.reporters.JUnitReportReporter -->
<testsuite hostname="DESKTOP-H0PI4DT" failures="0" tests="1" name="pdfExample.ReadDataFromPDF" time="0.885" errors="0" timestamp="2023-04-11T16:53:45 IST" skipped="0">
  <testcase classname="pdfExample.ReadDataFromPDF" name="verifyPDFContent" time="0.885"/>
  <system-out/>
</testsuite> <!-- pdfExample.ReadDataFromPDF -->
