<?xml version="1.0" encoding="UTF-8"?>
<!-- Generated by org.testng.reporters.JUnitReportReporter -->
<testsuite hostname="DESKTOP-H0PI4DT" failures="0" tests="1" name="xpathExample.AmazonSeeMore" time="6.056" errors="0" timestamp="2023-04-10T15:34:49 IST" skipped="0">
  <testcase classname="xpathExample.AmazonSeeMore" name="verifyAmazonSearchTest" time="6.056"/>
  <system-out/>
</testsuite> <!-- xpathExample.AmazonSeeMore -->
