<?xml version="1.0" encoding="UTF-8"?>
<!-- Generated by org.testng.reporters.JUnitReportReporter -->
<testsuite hostname="DESKTOP-H0PI4DT" failures="0" tests="2" name="controlExample.CheckboxRadioButtonExample" time="0.235" errors="0" timestamp="2023-04-05T17:05:25 IST" skipped="0">
  <testcase classname="controlExample.CheckboxRadioButtonExample" name="verifyCheckbox" time="0.171"/>
  <testcase classname="controlExample.CheckboxRadioButtonExample" name="verifyRadiobutton" time="0.064"/>
</testsuite> <!-- controlExample.CheckboxRadioButtonExample -->
