<?xml version="1.0" encoding="UTF-8"?>
<!-- Generated by org.testng.reporters.JUnitReportReporter -->
<testsuite hostname="DESKTOP-H0PI4DT" failures="0" tests="1" name="xpathExample.AmazonSeeMore2" time="1.583" errors="0" timestamp="2023-04-10T15:42:48 IST" skipped="0">
  <testcase classname="xpathExample.AmazonSeeMore2" name="verifyAmazonSearchTest" time="1.583"/>
  <system-out/>
</testsuite> <!-- xpathExample.AmazonSeeMore2 -->
