<?xml version="1.0" encoding="UTF-8"?>
<!-- Generated by org.testng.reporters.JUnitReportReporter -->
<testsuite hostname="DESKTOP-H0PI4DT" failures="0" tests="2" name="testNGAnnotationExample.TestNGExample" time="0.014" errors="0" timestamp="2023-04-07T16:00:45 IST" skipped="0">
  <testcase classname="testNGAnnotationExample.TestNGExample" name="login" time="0.009"/>
  <system-out/>
  <testcase classname="testNGAnnotationExample.TestNGExample" name="logout" time="0.005"/>
  <system-out/>
</testsuite> <!-- testNGAnnotationExample.TestNGExample -->
