<?xml version="1.0" encoding="UTF-8"?>
<!-- Generated by org.testng.reporters.JUnitReportReporter -->
<testsuite hostname="DESKTOP-H0PI4DT" failures="0" tests="3" name="crossBrowserTest.NOPCommApp" time="33.447" errors="0" timestamp="2023-04-10T17:38:30 IST" skipped="0">
  <testcase classname="crossBrowserTest.NOPCommApp" name="verifyLoginTest" time="10.222"/>
  <system-out/>
  <testcase classname="crossBrowserTest.NOPCommApp" name="verifyLoginTest" time="11.830"/>
  <system-out/>
  <testcase classname="crossBrowserTest.NOPCommApp" name="verifyLoginTest" time="11.395"/>
  <system-out/>
</testsuite> <!-- crossBrowserTest.NOPCommApp -->
