<?xml version="1.0" encoding="UTF-8"?>
<!-- Generated by org.testng.reporters.JUnitReportReporter -->
<testsuite hostname="DESKTOP-H0PI4DT" failures="0" tests="1" name="rutoExample.NOPCommApp_config" time="11.564" errors="0" timestamp="2023-04-07T17:27:39 IST" skipped="0">
  <testcase classname="rutoExample.NOPCommApp_config" name="verifyLoginTest" time="11.564"/>
  <system-out/>
</testsuite> <!-- rutoExample.NOPCommApp_config -->
